<?xml version="1.0" encoding="UTF-8" ?>
<testsuite tests="8" failures="0" name="fizzbuzz.FizzBuzzTest" time="0.082" errors="0" skipped="0">
  <properties>
    <property name="java.runtime.name" value="Java(TM) SE Runtime Environment"/>
    <property name="sun.boot.library.path" value="D:\AppSW\Java\jdk1.8.0_111\jre\bin"/>
    <property name="java.vm.version" value="25.111-b14"/>
    <property name="java.vm.vendor" value="Oracle Corporation"/>
    <property name="java.vendor.url" value="http://java.oracle.com/"/>
    <property name="path.separator" value=";"/>
    <property name="guice.disable.misplaced.annotation.check" value="true"/>
    <property name="java.vm.name" value="Java HotSpot(TM) 64-Bit Server VM"/>
    <property name="file.encoding.pkg" value="sun.io"/>
    <property name="user.script" value=""/>
    <property name="user.country" value="BR"/>
    <property name="sun.java.launcher" value="SUN_STANDARD"/>
    <property name="sun.os.patch.level" value=""/>
    <property name="test" value="fizzbuzz.FizzBuzzTest"/>
    <property name="java.vm.specification.name" value="Java Virtual Machine Specification"/>
    <property name="user.dir" value="E:\projetos\dojo\fizzbuzz"/>
    <property name="java.runtime.version" value="1.8.0_111-b14"/>
    <property name="java.awt.graphicsenv" value="sun.awt.Win32GraphicsEnvironment"/>
    <property name="java.endorsed.dirs" value="D:\AppSW\Java\jdk1.8.0_111\jre\lib\endorsed"/>
    <property name="os.arch" value="amd64"/>
    <property name="java.io.tmpdir" value="C:\Users\ac44197\AppData\Local\Temp\"/>
    <property name="line.separator" value="
"/>
    <property name="java.vm.specification.vendor" value="Oracle Corporation"/>
    <property name="user.variant" value=""/>
    <property name="os.name" value="Windows 10"/>
    <property name="maven.ext.class.path" value="D:\AppSW\NetBeans 8.2\java\maven-nblib\netbeans-eventspy.jar"/>
    <property name="classworlds.conf" value="D:\AppSW\NetBeans 8.2\java\maven\bin\m2.conf"/>
    <property name="sun.jnu.encoding" value="Cp1252"/>
    <property name="java.library.path" value="D:\AppSW\Java\jdk1.8.0_111\bin;C:\WINDOWS\Sun\Java\bin;C:\WINDOWS\system32;C:\WINDOWS;D:\AppSW\ant\apache-ant-1.10.2\bin;C:\Program Files\Microsoft MPI\Bin\;D:\AppSW\x86\Java\jdk1.8.0_161\bin;C:\ProgramData\Oracle\Java\javapath;C:\WINDOWS\system32;C:\WINDOWS;C:\WINDOWS\System32\Wbem;C:\WINDOWS\System32\WindowsPowerShell\v1.0\;D:\AppSW\nodejs\;C:\Program Files\Microsoft SQL Server\130\Tools\Binn\;C:\Program Files\dotnet\;C:\Program Files (x86)\GtkSharp\2.12\bin;C:\Program Files (x86)\PIPC\bin\;C:\Program Files\PIPC\bin\;D:\AppSW\Git\cmd;D:\AppSW\maven-3.5.0\bin;D:\AppSW\glassfish-4.1.2\bin;C:\Users\ac44197\AppData\Local\Microsoft\WindowsApps;D:\AppSW\Heroku\bin;;."/>
    <property name="java.specification.name" value="Java Platform API Specification"/>
    <property name="java.class.version" value="52.0"/>
    <property name="sun.management.compiler" value="HotSpot 64-Bit Tiered Compilers"/>
    <property name="os.version" value="10.0"/>
    <property name="user.home" value="C:\Users\ac44197"/>
    <property name="user.timezone" value="America/Sao_Paulo"/>
    <property name="java.awt.printerjob" value="sun.awt.windows.WPrinterJob"/>
    <property name="java.specification.version" value="1.8"/>
    <property name="file.encoding" value="UTF-8"/>
    <property name="user.name" value="ac44197"/>
    <property name="java.class.path" value="D:\AppSW\NetBeans 8.2\java\maven\boot\plexus-classworlds-2.4.jar"/>
    <property name="java.vm.specification.version" value="1.8"/>
    <property name="sun.arch.data.model" value="64"/>
    <property name="java.home" value="D:\AppSW\Java\jdk1.8.0_111\jre"/>
    <property name="sun.java.command" value="org.codehaus.plexus.classworlds.launcher.Launcher -Dtest=fizzbuzz.FizzBuzzTest -Dmaven.ext.class.path=D:\AppSW\NetBeans 8.2\java\maven-nblib\netbeans-eventspy.jar -Dfile.encoding=UTF-8 surefire:test"/>
    <property name="java.specification.vendor" value="Oracle Corporation"/>
    <property name="user.language" value="pt"/>
    <property name="awt.toolkit" value="sun.awt.windows.WToolkit"/>
    <property name="java.vm.info" value="mixed mode"/>
    <property name="java.version" value="1.8.0_111"/>
    <property name="java.ext.dirs" value="D:\AppSW\Java\jdk1.8.0_111\jre\lib\ext;C:\WINDOWS\Sun\Java\lib\ext"/>
    <property name="sun.boot.class.path" value="D:\AppSW\Java\jdk1.8.0_111\jre\lib\resources.jar;D:\AppSW\Java\jdk1.8.0_111\jre\lib\rt.jar;D:\AppSW\Java\jdk1.8.0_111\jre\lib\sunrsasign.jar;D:\AppSW\Java\jdk1.8.0_111\jre\lib\jsse.jar;D:\AppSW\Java\jdk1.8.0_111\jre\lib\jce.jar;D:\AppSW\Java\jdk1.8.0_111\jre\lib\charsets.jar;D:\AppSW\Java\jdk1.8.0_111\jre\lib\jfr.jar;D:\AppSW\Java\jdk1.8.0_111\jre\classes"/>
    <property name="java.vendor" value="Oracle Corporation"/>
    <property name="maven.home" value="D:\AppSW\NetBeans 8.2\java\maven"/>
    <property name="file.separator" value="\"/>
    <property name="java.vendor.url.bug" value="http://bugreport.sun.com/bugreport/"/>
    <property name="sun.cpu.endian" value="little"/>
    <property name="sun.io.unicode.encoding" value="UnicodeLittle"/>
    <property name="sun.desktop" value="windows"/>
    <property name="sun.cpu.isalist" value="amd64"/>
  </properties>
  <testcase classname="fizzbuzz.FizzBuzzTest" name="test1a36" time="0.001"/>
  <testcase classname="fizzbuzz.FizzBuzzTest" name="test15" time="0"/>
  <testcase classname="fizzbuzz.FizzBuzzTest" name="test1" time="0"/>
  <testcase classname="fizzbuzz.FizzBuzzTest" name="test2" time="0"/>
  <testcase classname="fizzbuzz.FizzBuzzTest" name="test3" time="0"/>
  <testcase classname="fizzbuzz.FizzBuzzTest" name="test4" time="0"/>
  <testcase classname="fizzbuzz.FizzBuzzTest" name="test5" time="0"/>
  <testcase classname="fizzbuzz.FizzBuzzTest" name="test6" time="0"/>
</testsuite>